<?xml version="1.0" encoding="utf-8"?><testsuites name="pytest tests"><testsuite name="pytest" errors="0" failures="0" skipped="0" tests="17" time="16.786" timestamp="2026-04-10T00:49:33.112865+00:00" hostname="agent-env-b1c05402-582c-49e2-9942-68c9c17e9616"><testcase classname="backend.tests.test_portal_api.TestHealthAndAuth" name="test_health_endpoint" time="0.232" /><testcase classname="backend.tests.test_portal_api.TestHealthAndAuth" name="test_admin_magic_link_request" time="0.136" /><testcase classname="backend.tests.test_portal_api.TestHealthAndAuth" name="test_client_magic_link_request" time="1.071" /><testcase classname="backend.tests.test_portal_api.TestHealthAndAuth" name="test_invalid_email_magic_link" time="0.375" /><testcase classname="backend.tests.test_portal_api.TestHealthAndAuth" name="test_admin_verify_magic_link" time="0.244" /><testcase classname="backend.tests.test_portal_api.TestHealthAndAuth" name="test_client_verify_magic_link" time="0.784" /><testcase classname="backend.tests.test_portal_api.TestPortalProjects" name="test_admin_sees_all_projects" time="1.771" /><testcase classname="backend.tests.test_portal_api.TestPortalProjects" name="test_client_sees_own_projects" time="0.398" /><testcase classname="backend.tests.test_portal_api.TestPortalProjects" name="test_unauthenticated_access_blocked" time="0.129" /><testcase classname="backend.tests.test_portal_api.TestProjectDashboard" name="test_dashboard_no_billing_metrics" time="1.665" /><testcase classname="backend.tests.test_portal_api.TestProjectTabs" name="test_deliverables_endpoint" time="1.115" /><testcase classname="backend.tests.test_portal_api.TestProjectTabs" name="test_documents_endpoint" time="5.556" /><testcase classname="backend.tests.test_portal_api.TestProjectTabs" name="test_meetings_endpoint" time="0.845" /><testcase classname="backend.tests.test_portal_api.TestProjectTabs" name="test_updates_endpoint" time="0.694" /><testcase classname="backend.tests.test_portal_api.TestAdminBilling" name="test_admin_billing_accessible" time="0.870" /><testcase classname="backend.tests.test_portal_api.TestAdminBilling" name="test_client_cannot_access_admin_billing" time="0.374" /><testcase classname="backend.tests.test_portal_api.TestLogout" name="test_logout_endpoint" time="0.341" /></testsuite></testsuites>